This is pdfTeX, Version 3.14159265-2.6-1.40.18 (TeX Live 2017) (preloaded format=latex 2018.3.9)  22 JUN 2018 15:22
entering extended mode
 restricted \write18 enabled.
 %&-line parsing enabled.
**./fac_images.tex
(./fac_images.tex
LaTeX2e <2017-04-15>
Babel <3.10> and hyphenation patterns for 84 language(s) loaded.

(/usr/local/texlive/2017/texmf-dist/tex/latex/base/article.cls
Document Class: article 2014/09/29 v1.4h Standard LaTeX document class
(/usr/local/texlive/2017/texmf-dist/tex/latex/base/size12.clo
File: size12.clo 2014/09/29 v1.4h Standard LaTeX file (size option)
)
\c@part=\count79
\c@section=\count80
\c@subsection=\count81
\c@subsubsection=\count82
\c@paragraph=\count83
\c@subparagraph=\count84
\c@figure=\count85
\c@table=\count86
\abovecaptionskip=\skip41
\belowcaptionskip=\skip42
\bibindent=\dimen102
) (/usr/local/texlive/2017/texmf-dist/tex/latex/base/ifthen.sty
Package: ifthen 2014/09/29 v1.1c Standard LaTeX ifthen package (DPC)
) (/usr/local/texlive/2017/texmf-dist/tex/latex/hyperref/xr-hyper.sty
Package: xr-hyper 2000/03/22 v6.00beta4 eXternal References (DPC)
) (/tmp/Healpix_3.40/doc/TeX/healpix.sty
Package: healpix 
Package: healpix macros (A.J. Banday, M. Bartelmann)
Document format
(/usr/local/texlive/2017/texmf-dist/tex/latex/a4wide/a4wide.sty
Package: a4wide 1994/08/30
(/usr/local/texlive/2017/texmf-dist/tex/latex/ntgclass/a4.sty
Package: a4 2004/04/15 v1.2g A4 based page layout
)) (/usr/local/texlive/2017/texmf-dist/tex/latex/graphics/graphicx.sty
Package: graphicx 2014/10/28 v1.0g Enhanced LaTeX Graphics (DPC,SPQR)
(/usr/local/texlive/2017/texmf-dist/tex/latex/graphics/keyval.sty
Package: keyval 2014/10/28 v1.15 key=value parser (DPC)
\KV@toks@=\toks14
) (/usr/local/texlive/2017/texmf-dist/tex/latex/graphics/graphics.sty
Package: graphics 2017/04/14 v1.1b Standard LaTeX Graphics (DPC,SPQR)
(/usr/local/texlive/2017/texmf-dist/tex/latex/graphics/trig.sty
Package: trig 2016/01/03 v1.10 sin cos tan (DPC)
) (/usr/local/texlive/2017/texmf-dist/tex/latex/graphics-cfg/graphics.cfg
File: graphics.cfg 2016/06/04 v1.11 sample graphics configuration
)
Package graphics Info: Driver file: dvips.def on input line 99.
(/usr/local/texlive/2017/texmf-dist/tex/latex/graphics-def/dvips.def
File: dvips.def 2016/07/10 v3.1a Driver-dependent file (DPC,SPQR)
))
\Gin@req@height=\dimen103
\Gin@req@width=\dimen104
) (/usr/local/texlive/2017/texmf-dist/tex/latex/fancyhdr/fancyhdr.sty
Package: fancyhdr 2016/09/06 3.8 Extensive control of page headers and footers
\fancy@headwidth=\skip43
\f@ncyO@elh=\skip44
\f@ncyO@erh=\skip45
\f@ncyO@olh=\skip46
\f@ncyO@orh=\skip47
\f@ncyO@elf=\skip48
\f@ncyO@erf=\skip49
\f@ncyO@olf=\skip50
\f@ncyO@orf=\skip51
) (/tmp/Healpix_3.40/doc/TeX/hpxversion.tex) (/tmp/Healpix_3.40/doc/TeX/idlvers
ion.tex) (/tmp/Healpix_3.40/doc/TeX/gdlversion.tex) (/tmp/Healpix_3.40/doc/TeX/
flversion.tex) (/tmp/Healpix_3.40/doc/TeX/hpyversion.tex)
\bigicon=\skip52
\smallicon=\skip53
\blocksize=\skip54
\c@creq=\count87
\c@savecreq=\count88
) (/Users/hivon/Library/texmf/tex/latex/html/html.sty (/usr/local/texlive/2017/
texmf-dist/tex/latex/hyperref/hyperref.sty
Package: hyperref 2017/03/14 v6.85a Hypertext links for LaTeX
(/usr/local/texlive/2017/texmf-dist/tex/generic/oberdiek/hobsub-hyperref.sty
Package: hobsub-hyperref 2016/05/16 v1.14 Bundle oberdiek, subset hyperref (HO)

(/usr/local/texlive/2017/texmf-dist/tex/generic/oberdiek/hobsub-generic.sty
Package: hobsub-generic 2016/05/16 v1.14 Bundle oberdiek, subset generic (HO)
Package: hobsub 2016/05/16 v1.14 Construct package bundles (HO)
Package: infwarerr 2016/05/16 v1.4 Providing info/warning/error messages (HO)
Package: ltxcmds 2016/05/16 v1.23 LaTeX kernel commands for general use (HO)
Package: ifluatex 2016/05/16 v1.4 Provides the ifluatex switch (HO)
Package ifluatex Info: LuaTeX not detected.
Package: ifvtex 2016/05/16 v1.6 Detect VTeX and its facilities (HO)
Package ifvtex Info: VTeX not detected.
Package: intcalc 2016/05/16 v1.2 Expandable calculations with integers (HO)
Package: ifpdf 2017/03/15 v3.2 Provides the ifpdf switch
Package: etexcmds 2016/05/16 v1.6 Avoid name clashes with e-TeX commands (HO)
Package etexcmds Info: Could not find \expanded.
(etexcmds)             That can mean that you are not using pdfTeX 1.50 or
(etexcmds)             that some package has redefined \expanded.
(etexcmds)             In the latter case, load this package earlier.
Package: kvsetkeys 2016/05/16 v1.17 Key value parser (HO)
Package: kvdefinekeys 2016/05/16 v1.4 Define keys (HO)
Package: pdftexcmds 2017/03/19 v0.25 Utility functions of pdfTeX for LuaTeX (HO
)
Package pdftexcmds Info: LuaTeX not detected.
Package pdftexcmds Info: \pdf@primitive is available.
Package pdftexcmds Info: \pdf@ifprimitive is available.
Package pdftexcmds Info: \pdfdraftmode is ignored in DVI mode.
Package: pdfescape 2016/05/16 v1.14 Implements pdfTeX's escape features (HO)
Package: bigintcalc 2016/05/16 v1.4 Expandable calculations on big integers (HO
)
Package: bitset 2016/05/16 v1.2 Handle bit-vector datatype (HO)
Package: uniquecounter 2016/05/16 v1.3 Provide unlimited unique counter (HO)
)
Package hobsub Info: Skipping package `hobsub' (already loaded).
Package: letltxmacro 2016/05/16 v1.5 Let assignment for LaTeX macros (HO)
Package: hopatch 2016/05/16 v1.3 Wrapper for package hooks (HO)
Package: xcolor-patch 2016/05/16 xcolor patch
Package: atveryend 2016/05/16 v1.9 Hooks at the very end of document (HO)
Package atveryend Info: \enddocument detected (standard20110627).
Package: atbegshi 2016/06/09 v1.18 At begin shipout hook (HO)
Package: refcount 2016/05/16 v3.5 Data extraction from label references (HO)
Package: hycolor 2016/05/16 v1.8 Color options for hyperref/bookmark (HO)
) (/usr/local/texlive/2017/texmf-dist/tex/generic/ifxetex/ifxetex.sty
Package: ifxetex 2010/09/12 v0.6 Provides ifxetex conditional
) (/usr/local/texlive/2017/texmf-dist/tex/latex/oberdiek/auxhook.sty
Package: auxhook 2016/05/16 v1.4 Hooks for auxiliary files (HO)
) (/usr/local/texlive/2017/texmf-dist/tex/latex/oberdiek/kvoptions.sty
Package: kvoptions 2016/05/16 v3.12 Key value format for package options (HO)
)
\@linkdim=\dimen105
\Hy@linkcounter=\count89
\Hy@pagecounter=\count90
(/usr/local/texlive/2017/texmf-dist/tex/latex/hyperref/pd1enc.def
File: pd1enc.def 2017/03/14 v6.85a Hyperref: PDFDocEncoding definition (HO)
)
\Hy@SavedSpaceFactor=\count91
(/usr/local/texlive/2017/texmf-dist/tex/latex/latexconfig/hyperref.cfg
File: hyperref.cfg 2002/06/06 v1.2 hyperref configuration of TeXLive
)
Package hyperref Info: Hyper figures OFF on input line 4498.
Package hyperref Info: Link nesting OFF on input line 4503.
Package hyperref Info: Hyper index ON on input line 4506.
Package hyperref Info: Plain pages OFF on input line 4513.
Package hyperref Info: Backreferencing OFF on input line 4518.
Package hyperref Info: Implicit mode ON; LaTeX internals redefined.
Package hyperref Info: Bookmarks ON on input line 4751.
\c@Hy@tempcnt=\count92
(/Users/hivon/Library/texmf/tex/latex/html/url.sty
Package: url 1999/03/02  ver 1.4  Verb mode for urls, email addresses, and file
 names
)
LaTeX Info: Redefining \url on input line 5104.
\XeTeXLinkMargin=\dimen106
\Fld@menulength=\count93
\Field@Width=\dimen107
\Fld@charsize=\dimen108
Package hyperref Info: Hyper figures OFF on input line 6358.
Package hyperref Info: Link nesting OFF on input line 6363.
Package hyperref Info: Hyper index ON on input line 6366.
Package hyperref Info: backreferencing OFF on input line 6373.
Package hyperref Info: Link coloring OFF on input line 6378.
Package hyperref Info: Link coloring with OCG OFF on input line 6383.
Package hyperref Info: PDF/A mode OFF on input line 6388.
LaTeX Info: Redefining \ref on input line 6428.
LaTeX Info: Redefining \pageref on input line 6432.
\Hy@abspage=\count94
\c@Item=\count95
\c@Hfootnote=\count96
)

Package hyperref Message: Driver (default): hdvips.

(/usr/local/texlive/2017/texmf-dist/tex/latex/hyperref/hdvips.def
File: hdvips.def 2017/03/14 v6.85a Hyperref driver for dvips
(/usr/local/texlive/2017/texmf-dist/tex/latex/hyperref/pdfmark.def
File: pdfmark.def 2017/03/14 v6.85a Hyperref definitions for pdfmark specials
\pdf@docset=\toks15
\pdf@box=\box26
\pdf@toks=\toks16
\pdf@defaulttoks=\toks17
\HyField@AnnotCount=\count97
\Fld@listcount=\count98
\c@bookmark@seq@number=\count99
(/usr/local/texlive/2017/texmf-dist/tex/latex/oberdiek/rerunfilecheck.sty
Package: rerunfilecheck 2016/05/16 v1.8 Rerun checks for auxiliary files (HO)
Package uniquecounter Info: New unique counter `rerunfilecheck' on input line 2
82.
)
\Hy@SectionHShift=\skip55
))
Package: html 1999/07/19 v1.38 hypertext commands for latex2html (nd, hws, rrm)

\c@lpart=\count100
\c@lchapter=\count101
\c@chapter=\count102
\c@lsection=\count103
\c@lsubsection=\count104
\c@lsubsubsection=\count105
\c@lparagraph=\count106
\c@lsubparagraph=\count107
\c@lsubsubparagraph=\count108
\ptrfile=\write3
) (/usr/local/texlive/2017/texmf-dist/tex/latex/base/makeidx.sty
Package: makeidx 2014/09/29 v1.0m Standard LaTeX package
) (/usr/local/texlive/2017/texmf-dist/tex/latex/ae/ae.sty
Package: ae 2001/02/12 1.3 Almost European Computer Modern
(/usr/local/texlive/2017/texmf-dist/tex/latex/base/fontenc.sty
Package: fontenc 2017/04/05 v2.0i Standard LaTeX package
(/usr/local/texlive/2017/texmf-dist/tex/latex/base/t1enc.def
File: t1enc.def 2017/04/05 v2.0i Standard LaTeX file
LaTeX Font Info:    Redeclaring font encoding T1 on input line 48.
)
LaTeX Font Info:    Try loading font information for T1+aer on input line 105.
(/usr/local/texlive/2017/texmf-dist/tex/latex/ae/t1aer.fd
File: t1aer.fd 1997/11/16 Font definitions for T1/aer.
))) (/usr/local/texlive/2017/texmf-dist/tex/latex/lm/lmodern.sty
Package: lmodern 2009/10/30 v1.6 Latin Modern Fonts
LaTeX Font Info:    Overwriting symbol font `operators' in version `normal'
(Font)                  OT1/cmr/m/n --> OT1/lmr/m/n on input line 22.
LaTeX Font Info:    Overwriting symbol font `letters' in version `normal'
(Font)                  OML/cmm/m/it --> OML/lmm/m/it on input line 23.
LaTeX Font Info:    Overwriting symbol font `symbols' in version `normal'
(Font)                  OMS/cmsy/m/n --> OMS/lmsy/m/n on input line 24.
LaTeX Font Info:    Overwriting symbol font `largesymbols' in version `normal'
(Font)                  OMX/cmex/m/n --> OMX/lmex/m/n on input line 25.
LaTeX Font Info:    Overwriting symbol font `operators' in version `bold'
(Font)                  OT1/cmr/bx/n --> OT1/lmr/bx/n on input line 26.
LaTeX Font Info:    Overwriting symbol font `letters' in version `bold'
(Font)                  OML/cmm/b/it --> OML/lmm/b/it on input line 27.
LaTeX Font Info:    Overwriting symbol font `symbols' in version `bold'
(Font)                  OMS/cmsy/b/n --> OMS/lmsy/b/n on input line 28.
LaTeX Font Info:    Overwriting symbol font `largesymbols' in version `bold'
(Font)                  OMX/cmex/m/n --> OMX/lmex/m/n on input line 29.
LaTeX Font Info:    Overwriting math alphabet `\mathbf' in version `normal'
(Font)                  OT1/cmr/bx/n --> OT1/lmr/bx/n on input line 31.
LaTeX Font Info:    Overwriting math alphabet `\mathsf' in version `normal'
(Font)                  OT1/cmss/m/n --> OT1/lmss/m/n on input line 32.
LaTeX Font Info:    Overwriting math alphabet `\mathit' in version `normal'
(Font)                  OT1/cmr/m/it --> OT1/lmr/m/it on input line 33.
LaTeX Font Info:    Overwriting math alphabet `\mathtt' in version `normal'
(Font)                  OT1/cmtt/m/n --> OT1/lmtt/m/n on input line 34.
LaTeX Font Info:    Overwriting math alphabet `\mathbf' in version `bold'
(Font)                  OT1/cmr/bx/n --> OT1/lmr/bx/n on input line 35.
LaTeX Font Info:    Overwriting math alphabet `\mathsf' in version `bold'
(Font)                  OT1/cmss/bx/n --> OT1/lmss/bx/n on input line 36.
LaTeX Font Info:    Overwriting math alphabet `\mathit' in version `bold'
(Font)                  OT1/cmr/bx/it --> OT1/lmr/bx/it on input line 37.
LaTeX Font Info:    Overwriting math alphabet `\mathtt' in version `bold'
(Font)                  OT1/cmtt/m/n --> OT1/lmtt/m/n on input line 38.
) (/usr/local/texlive/2017/texmf-dist/tex/latex/base/fontenc.sty
Package: fontenc 2017/04/05 v2.0i Standard LaTeX package
(/usr/local/texlive/2017/texmf-dist/tex/latex/base/t1enc.def
File: t1enc.def 2017/04/05 v2.0i Standard LaTeX file
LaTeX Font Info:    Redeclaring font encoding T1 on input line 48.
))
Package hyperref Info: Option `colorlinks' set `true' on input line 22.
Package xr Info: IMPORTING LABELS FROM intro.aux on input line 59.
Package xr Info: IMPORTING LABELS FROM install.aux on input line 60.
Package xr Info: IMPORTING LABELS FROM csub.aux on input line 61.
Package xr Info: IMPORTING LABELS FROM ang2vec_c.aux on input line 61.
Package xr Info: IMPORTING LABELS FROM get_fits_size_c.aux on input line 61.
Package xr Info: IMPORTING LABELS FROM npix2nside_c.aux on input line 61.
Package xr Info: IMPORTING LABELS FROM nside2npix_c.aux on input line 61.
Package xr Info: IMPORTING LABELS FROM pix_tools_c.aux on input line 61.
Package xr Info: IMPORTING LABELS FROM read_healpix_map_c.aux on input line 61.

Package xr Info: IMPORTING LABELS FROM vec2ang_c.aux on input line 61.
Package xr Info: IMPORTING LABELS FROM write_healpix_map_c.aux on input line 61
.
Package xr Info: IMPORTING LABELS FROM idl.aux on input line 62.
Package xr Info: IMPORTING LABELS FROM alm_i2t_idl.aux on input line 62.
Package xr Info: IMPORTING LABELS FROM alm_t2i_idl.aux on input line 62.
Package xr Info: IMPORTING LABELS FROM alm2fits_idl.aux on input line 62.
Package xr Info: IMPORTING LABELS FROM ang2vec_idl.aux on input line 62.
Package xr Info: IMPORTING LABELS FROM angulardistance_idl.aux on input line 62
.
Package xr Info: IMPORTING LABELS FROM azeqview_idl.aux on input line 62.
Package xr Info: IMPORTING LABELS FROM beam2bl_idl.aux on input line 62.
Package xr Info: IMPORTING LABELS FROM bin_llcl_idl.aux on input line 62.
Package xr Info: IMPORTING LABELS FROM bl2beam_idl.aux on input line 62.
Package xr Info: IMPORTING LABELS FROM bl2fits_idl.aux on input line 62.
Package xr Info: IMPORTING LABELS FROM cartcursor_idl.aux on input line 62.
Package xr Info: IMPORTING LABELS FROM cartview_idl.aux on input line 62.
Package xr Info: IMPORTING LABELS FROM change_polcconv_idl.aux on input line 62
.
Package xr Info: IMPORTING LABELS FROM cl2fits_idl.aux on input line 62.
Package xr Info: IMPORTING LABELS FROM convert_oldhpx2cmbfast_idl.aux on input 
line 62.
Package xr Info: IMPORTING LABELS FROM euler_matrix_new_idl.aux on input line 6
2.
Package xr Info: IMPORTING LABELS FROM fits2alm_idl.aux on input line 62.
Package xr Info: IMPORTING LABELS FROM fits2cl_idl.aux on input line 62.
Package xr Info: IMPORTING LABELS FROM gaussbeam_idl.aux on input line 62.
Package xr Info: IMPORTING LABELS FROM getdisc_ring_idl.aux on input line 62.
Package xr Info: IMPORTING LABELS FROM getsize_fits_idl.aux on input line 62.
Package xr Info: IMPORTING LABELS FROM gnomcursor_idl.aux on input line 62.
Package xr Info: IMPORTING LABELS FROM gnomview_idl.aux on input line 62.
Package xr Info: IMPORTING LABELS FROM healpix_doc_idl.aux on input line 62.
Package xr Info: IMPORTING LABELS FROM healpixwindow_idl.aux on input line 62.
Package xr Info: IMPORTING LABELS FROM help_st_idl.aux on input line 62.
Package xr Info: IMPORTING LABELS FROM hpx2dm_idl.aux on input line 62.
Package xr Info: IMPORTING LABELS FROM hpx2gs_idl.aux on input line 62.
Package xr Info: IMPORTING LABELS FROM ialteralm_idl.aux on input line 62.
Package xr Info: IMPORTING LABELS FROM ianafast_idl.aux on input line 62.
Package xr Info: IMPORTING LABELS FROM index2lm_idl.aux on input line 62.
Package xr Info: IMPORTING LABELS FROM init_healpix_idl.aux on input line 62.
Package xr Info: IMPORTING LABELS FROM iprocess_mask_idl.aux on input line 62.
Package xr Info: IMPORTING LABELS FROM ismoothing_idl.aux on input line 62.
Package xr Info: IMPORTING LABELS FROM isynfast_idl.aux on input line 62.
Package xr Info: IMPORTING LABELS FROM lm2index_idl.aux on input line 62.
Package xr Info: IMPORTING LABELS FROM median_filter_idl.aux on input line 62.
Package xr Info: IMPORTING LABELS FROM mollcursor_idl.aux on input line 62.
Package xr Info: IMPORTING LABELS FROM mollview_idl.aux on input line 62.
Package xr Info: IMPORTING LABELS FROM neighbours_nest_idl.aux on input line 62
.
Package xr Info: IMPORTING LABELS FROM neighbours_ring_idl.aux on input line 62
.
Package xr Info: IMPORTING LABELS FROM nest2uniq_idl.aux on input line 62.
Package xr Info: IMPORTING LABELS FROM npix2nside_idl.aux on input line 62.
Package xr Info: IMPORTING LABELS FROM nside2npix_idl.aux on input line 62.
Package xr Info: IMPORTING LABELS FROM nside2npweights_idl.aux on input line 62
.
Package xr Info: IMPORTING LABELS FROM nside2ntemplates_idl.aux on input line 6
2.
Package xr Info: IMPORTING LABELS FROM orthcursor_idl.aux on input line 62.
Package xr Info: IMPORTING LABELS FROM orthview_idl.aux on input line 62.
Package xr Info: IMPORTING LABELS FROM pix_tools_idl.aux on input line 62.
Package xr Info: IMPORTING LABELS FROM planck_colors_idl.aux on input line 62.
Package xr Info: IMPORTING LABELS FROM query_disc_idl.aux on input line 62.
Package xr Info: IMPORTING LABELS FROM query_polygon_idl.aux on input line 62.
Package xr Info: IMPORTING LABELS FROM query_strip_idl.aux on input line 62.
Package xr Info: IMPORTING LABELS FROM query_triangle_idl.aux on input line 62.

Package xr Info: IMPORTING LABELS FROM read_fits_cut4_idl.aux on input line 62.

Package xr Info: IMPORTING LABELS FROM read_fits_map_idl.aux on input line 62.
Package xr Info: IMPORTING LABELS FROM read_fits_s_idl.aux on input line 62.
Package xr Info: IMPORTING LABELS FROM read_tqu_idl.aux on input line 62.
Package xr Info: IMPORTING LABELS FROM remove_dipole_idl.aux on input line 62.
Package xr Info: IMPORTING LABELS FROM reorder_idl.aux on input line 62.
Package xr Info: IMPORTING LABELS FROM rotate_coord_idl.aux on input line 62.
Package xr Info: IMPORTING LABELS FROM same_shape_pixels_xxx_idl.aux on input l
ine 62.
Package xr Info: IMPORTING LABELS FROM template_pixel_xxx_idl.aux on input line
 62.
Package xr Info: IMPORTING LABELS FROM ud_grade_idl.aux on input line 62.
Package xr Info: IMPORTING LABELS FROM unfold_weights_idl.aux on input line 62.

Package xr Info: IMPORTING LABELS FROM uniq2nest_idl.aux on input line 62.
Package xr Info: IMPORTING LABELS FROM vec2ang_idl.aux on input line 62.
Package xr Info: IMPORTING LABELS FROM write_fits_cut4_idl.aux on input line 62
.
Package xr Info: IMPORTING LABELS FROM write_fits_map_idl.aux on input line 62.

Package xr Info: IMPORTING LABELS FROM write_fits_sb_idl.aux on input line 62.
Package xr Info: IMPORTING LABELS FROM write_tqu_idl.aux on input line 62.
Package xr Info: IMPORTING LABELS FROM subroutines.aux on input line 63.
Package xr Info: IMPORTING LABELS FROM add_card.aux on input line 63.
Package xr Info: IMPORTING LABELS FROM add_dipole.aux on input line 63.
Package xr Info: IMPORTING LABELS FROM alm2cl.aux on input line 63.
Package xr Info: IMPORTING LABELS FROM alm2map.aux on input line 63.
Package xr Info: IMPORTING LABELS FROM alm2map_der.aux on input line 63.
Package xr Info: IMPORTING LABELS FROM alm2map_spin.aux on input line 63.
Package xr Info: IMPORTING LABELS FROM alms2fits.aux on input line 63.
Package xr Info: IMPORTING LABELS FROM alter_alm.aux on input line 63.
Package xr Info: IMPORTING LABELS FROM ang2vec.aux on input line 63.
Package xr Info: IMPORTING LABELS FROM angdist.aux on input line 63.
Package xr Info: IMPORTING LABELS FROM assert.aux on input line 63.
Package xr Info: IMPORTING LABELS FROM brag_openmp.aux on input line 63.
Package xr Info: IMPORTING LABELS FROM complex_fft.aux on input line 63.
Package xr Info: IMPORTING LABELS FROM compute_statistics.aux on input line 63.

Package xr Info: IMPORTING LABELS FROM concatnl.aux on input line 63.
Package xr Info: IMPORTING LABELS FROM convert_inplace.aux on input line 63.
Package xr Info: IMPORTING LABELS FROM convert_nest2ring.aux on input line 63.
Package xr Info: IMPORTING LABELS FROM convert_ring2nest.aux on input line 63.
Package xr Info: IMPORTING LABELS FROM coordsys2euler_zyz.aux on input line 63.

Package xr Info: IMPORTING LABELS FROM create_alm.aux on input line 63.
Package xr Info: IMPORTING LABELS FROM del_card.aux on input line 63.
Package xr Info: IMPORTING LABELS FROM dist2holes_nest.aux on input line 63.
Package xr Info: IMPORTING LABELS FROM dump_alms.aux on input line 63.
Package xr Info: IMPORTING LABELS FROM fill_holes_nest.aux on input line 63.
Package xr Info: IMPORTING LABELS FROM fits2alms.aux on input line 63.
Package xr Info: IMPORTING LABELS FROM fits2cl.aux on input line 63.
Package xr Info: IMPORTING LABELS FROM gaussbeam.aux on input line 63.
Package xr Info: IMPORTING LABELS FROM generate_beam.aux on input line 63.
Package xr Info: IMPORTING LABELS FROM get_card.aux on input line 63.
Package xr Info: IMPORTING LABELS FROM get_healpix_xxx_dir.aux on input line 63
.
Package xr Info: IMPORTING LABELS FROM get_healpix_xxx_file.aux on input line 6
3.
Package xr Info: IMPORTING LABELS FROM getargument.aux on input line 63.
Package xr Info: IMPORTING LABELS FROM getenvironment.aux on input line 63.
Package xr Info: IMPORTING LABELS FROM getdisc_ring.aux on input line 63.
Package xr Info: IMPORTING LABELS FROM getnumext_fits.aux on input line 63.
Package xr Info: IMPORTING LABELS FROM getsize_fits.aux on input line 63.
Package xr Info: IMPORTING LABELS FROM healpix_modules.aux on input line 63.
Package xr Info: IMPORTING LABELS FROM healpix_types.aux on input line 63.
Package xr Info: IMPORTING LABELS FROM in_ring.aux on input line 63.
Package xr Info: IMPORTING LABELS FROM input_map.aux on input line 63.
Package xr Info: IMPORTING LABELS FROM input_tod.aux on input line 63.
Package xr Info: IMPORTING LABELS FROM long_intrinsic.aux on input line 63.
Package xr Info: IMPORTING LABELS FROM map2alm.aux on input line 63.
Package xr Info: IMPORTING LABELS FROM map2alm_iterative.aux on input line 63.
Package xr Info: IMPORTING LABELS FROM map2alm_spin.aux on input line 63.
Package xr Info: IMPORTING LABELS FROM maskborder_nest.aux on input line 63.
Package xr Info: IMPORTING LABELS FROM medfiltmap.aux on input line 63.
Package xr Info: IMPORTING LABELS FROM median.aux on input line 63.
Package xr Info: IMPORTING LABELS FROM merge_headers.aux on input line 63.
Package xr Info: IMPORTING LABELS FROM mpi_alm_tools.aux on input line 63.
Package xr Info: IMPORTING LABELS FROM mpi_alm2map.aux on input line 63.
Package xr Info: IMPORTING LABELS FROM mpi_alm2map_simple.aux on input line 63.

Package xr Info: IMPORTING LABELS FROM mpi_alm2map_slave.aux on input line 63.
Package xr Info: IMPORTING LABELS FROM mpi_cleanup_alm_tools.aux on input line 
63.
Package xr Info: IMPORTING LABELS FROM mpi_initialize_alm_tools.aux on input li
ne 63.
Package xr Info: IMPORTING LABELS FROM mpi_map2alm.aux on input line 63.
Package xr Info: IMPORTING LABELS FROM mpi_map2alm_simple.aux on input line 63.

Package xr Info: IMPORTING LABELS FROM mpi_map2alm_slave.aux on input line 63.
Package xr Info: IMPORTING LABELS FROM narguments.aux on input line 63.
Package xr Info: IMPORTING LABELS FROM neighbours_nest.aux on input line 63.
Package xr Info: IMPORTING LABELS FROM nest2uniq.aux on input line 63.
Package xr Info: IMPORTING LABELS FROM npix2nside.aux on input line 63.
Package xr Info: IMPORTING LABELS FROM nside2npix.aux on input line 63.
Package xr Info: IMPORTING LABELS FROM nside2npweights.aux on input line 63.
Package xr Info: IMPORTING LABELS FROM nside2ntemplates.aux on input line 63.
Package xr Info: IMPORTING LABELS FROM number_of_alms.aux on input line 63.
Package xr Info: IMPORTING LABELS FROM output_map.aux on input line 63.
Package xr Info: IMPORTING LABELS FROM parse_xxx.aux on input line 63.
Package xr Info: IMPORTING LABELS FROM pixel_window.aux on input line 63.
Package xr Info: IMPORTING LABELS FROM pix_tools.aux on input line 63.
Package xr Info: IMPORTING LABELS FROM planck_rng.aux on input line 63.
Package xr Info: IMPORTING LABELS FROM plm_gen.aux on input line 63.
Package xr Info: IMPORTING LABELS FROM query_disc.aux on input line 63.
Package xr Info: IMPORTING LABELS FROM query_polygon.aux on input line 63.
Package xr Info: IMPORTING LABELS FROM query_strip.aux on input line 63.
Package xr Info: IMPORTING LABELS FROM query_triangle.aux on input line 63.
Package xr Info: IMPORTING LABELS FROM rand_gauss.aux on input line 63.
Package xr Info: IMPORTING LABELS FROM rand_init.aux on input line 63.
Package xr Info: IMPORTING LABELS FROM rand_uni.aux on input line 63.
Package xr Info: IMPORTING LABELS FROM read_asctab.aux on input line 63.
Package xr Info: IMPORTING LABELS FROM read_bintab.aux on input line 63.
Package xr Info: IMPORTING LABELS FROM read_conbintab.aux on input line 63.
Package xr Info: IMPORTING LABELS FROM read_dbintab.aux on input line 63.
Package xr Info: IMPORTING LABELS FROM read_fits_cut4.aux on input line 63.
Package xr Info: IMPORTING LABELS FROM read_par.aux on input line 63.
Package xr Info: IMPORTING LABELS FROM real_fft.aux on input line 63.
Package xr Info: IMPORTING LABELS FROM remove_dipole.aux on input line 63.
Package xr Info: IMPORTING LABELS FROM ring_analysis.aux on input line 63.
Package xr Info: IMPORTING LABELS FROM ring_num.aux on input line 63.
Package xr Info: IMPORTING LABELS FROM ring_synthesis.aux on input line 63.
Package xr Info: IMPORTING LABELS FROM rotate_alm.aux on input line 63.
Package xr Info: IMPORTING LABELS FROM same_shape_pixels_xxx.aux on input line 
63.
Package xr Info: IMPORTING LABELS FROM scan_directories.aux on input line 63.
Package xr Info: IMPORTING LABELS FROM size_holes_nest.aux on input line 63.
Package xr Info: IMPORTING LABELS FROM string.aux on input line 63.
Package xr Info: IMPORTING LABELS FROM surface_triangle.aux on input line 63.
Package xr Info: IMPORTING LABELS FROM template_pixel_xxx.aux on input line 63.

Package xr Info: IMPORTING LABELS FROM udgrade_nest.aux on input line 63.
Package xr Info: IMPORTING LABELS FROM udgrade_ring.aux on input line 63.
Package xr Info: IMPORTING LABELS FROM unfold_weightsfile.aux on input line 63.

Package xr Info: IMPORTING LABELS FROM uniq2nest.aux on input line 63.
Package xr Info: IMPORTING LABELS FROM vec2ang.aux on input line 63.
Package xr Info: IMPORTING LABELS FROM vect_prod.aux on input line 63.
Package xr Info: IMPORTING LABELS FROM write_asctab.aux on input line 63.
Package xr Info: IMPORTING LABELS FROM write_bintab.aux on input line 63.
Package xr Info: IMPORTING LABELS FROM write_bintabh.aux on input line 63.
Package xr Info: IMPORTING LABELS FROM write_dbintab.aux on input line 63.
Package xr Info: IMPORTING LABELS FROM write_fits_cut4.aux on input line 63.
Package xr Info: IMPORTING LABELS FROM write_minimal_header.aux on input line 6
3.
Package xr Info: IMPORTING LABELS FROM write_plm.aux on input line 63.
Package xr Info: IMPORTING LABELS FROM xcc_v_convert.aux on input line 63.
(/usr/local/texlive/2017/texmf-dist/tex/latex/graphics/color.sty
Package: color 2016/07/10 v1.1e Standard LaTeX Color (DPC)
(/usr/local/texlive/2017/texmf-dist/tex/latex/graphics-cfg/color.cfg
File: color.cfg 2016/01/02 v1.6 sample color configuration
)
Package color Info: Driver file: dvips.def on input line 147.
(/usr/local/texlive/2017/texmf-dist/tex/latex/graphics/dvipsnam.def
File: dvipsnam.def 2016/06/17 v3.0m Driver-dependent file (DPC,SPQR)
)) (/usr/local/texlive/2017/texmf-dist/tex/latex/base/inputenc.sty
Package: inputenc 2015/03/17 v1.2c Input encoding file
\inpenc@prehook=\toks18
\inpenc@posthook=\toks19
(/usr/local/texlive/2017/texmf-dist/tex/latex/base/latin1.def
File: latin1.def 2015/03/17 v1.2c Input encoding file
))
\sizebox=\box27
\lthtmlwrite=\write4
(./fac_images.aux (/tmp/Healpix_3.40/doc/TeX/alteralm_fac.aux

LaTeX Warning: Label `eq:alteralm' multiply defined.

) (/tmp/Healpix_3.40/doc/TeX/anafast_fac.aux) (/tmp/Healpix_3.40/doc/TeX/hotspo
t_fac.aux) (/tmp/Healpix_3.40/doc/TeX/map2gif_fac.aux) (/tmp/Healpix_3.40/doc/T
eX/median_filter_fac.aux) (/tmp/Healpix_3.40/doc/TeX/plmgen_fac.aux) (/tmp/Heal
pix_3.40/doc/TeX/process_mask_fac.aux) (/tmp/Healpix_3.40/doc/TeX/sky_ng_sim_fa
c.aux) (/tmp/Healpix_3.40/doc/TeX/smoothing_fac.aux) (/tmp/Healpix_3.40/doc/TeX
/synfast_fac.aux) (/tmp/Healpix_3.40/doc/TeX/ud_grade_fac.aux) (/tmp/Healpix_3.
40/doc/TeX/fac_appendix.aux))
\openout1 = `fac_images.aux'.

LaTeX Font Info:    Checking defaults for OML/cmm/m/it on input line 182.
LaTeX Font Info:    ... okay on input line 182.
LaTeX Font Info:    Checking defaults for T1/cmr/m/n on input line 182.
LaTeX Font Info:    ... okay on input line 182.
LaTeX Font Info:    Checking defaults for OT1/cmr/m/n on input line 182.
LaTeX Font Info:    ... okay on input line 182.
LaTeX Font Info:    Checking defaults for OMS/cmsy/m/n on input line 182.
LaTeX Font Info:    ... okay on input line 182.
LaTeX Font Info:    Checking defaults for OMX/cmex/m/n on input line 182.
LaTeX Font Info:    ... okay on input line 182.
LaTeX Font Info:    Checking defaults for U/cmr/m/n on input line 182.
LaTeX Font Info:    ... okay on input line 182.
LaTeX Font Info:    Checking defaults for PD1/pdf/m/n on input line 182.
LaTeX Font Info:    ... okay on input line 182.
LaTeX Font Info:    Try loading font information for T1+lmr on input line 182.
(/usr/local/texlive/2017/texmf-dist/tex/latex/lm/t1lmr.fd
File: t1lmr.fd 2009/10/30 v1.6 Font defs for Latin Modern
)
\AtBeginShipoutBox=\box28
Package hyperref Info: Link coloring ON on input line 182.
(/usr/local/texlive/2017/texmf-dist/tex/latex/hyperref/nameref.sty
Package: nameref 2016/05/21 v2.44 Cross-referencing by name of section
(/usr/local/texlive/2017/texmf-dist/tex/generic/oberdiek/gettitlestring.sty
Package: gettitlestring 2016/05/16 v1.5 Cleanup title references (HO)
)
\c@section@level=\count109
)
LaTeX Info: Redefining \ref on input line 182.
LaTeX Info: Redefining \pageref on input line 182.
LaTeX Info: Redefining \nameref on input line 182.
(./fac_images.out) (./fac_images.out)
\@outlinefile=\write5
\openout5 = `fac_images.out'.


Package hyperref Warning: Rerun to get /PageLabels entry.


latex2htmlLength hsize=349.0pt

latex2htmlLength vsize=688.0pt

latex2htmlLength hoffset=0.0pt

latex2htmlLength voffset=0.0pt

latex2htmlLength topmargin=0.0pt

latex2htmlLength topskip=0.00003pt

latex2htmlLength headheight=0.0pt

latex2htmlLength headsep=0.0pt

latex2htmlLength parskip=3.875pt plus 1.03331pt minus 0.5167pt

latex2htmlLength oddsidemargin=0.0pt

latex2htmlLength evensidemargin=0.0pt

LaTeX Font Info:    Try loading font information for OT1+lmr on input line 273.

(/usr/local/texlive/2017/texmf-dist/tex/latex/lm/ot1lmr.fd
File: ot1lmr.fd 2009/10/30 v1.6 Font defs for Latin Modern
)
LaTeX Font Info:    Try loading font information for OML+lmm on input line 273.

(/usr/local/texlive/2017/texmf-dist/tex/latex/lm/omllmm.fd
File: omllmm.fd 2009/10/30 v1.6 Font defs for Latin Modern
)
LaTeX Font Info:    Try loading font information for OMS+lmsy on input line 273
.
(/usr/local/texlive/2017/texmf-dist/tex/latex/lm/omslmsy.fd
File: omslmsy.fd 2009/10/30 v1.6 Font defs for Latin Modern
)
LaTeX Font Info:    Try loading font information for OMX+lmex on input line 273
.
(/usr/local/texlive/2017/texmf-dist/tex/latex/lm/omxlmex.fd
File: omxlmex.fd 2009/10/30 v1.6 Font defs for Latin Modern
)
LaTeX Font Info:    External font `lmex10' loaded for size
(Font)              <12> on input line 273.
LaTeX Font Info:    External font `lmex10' loaded for size
(Font)              <8> on input line 273.
LaTeX Font Info:    External font `lmex10' loaded for size
(Font)              <6> on input line 273.
l2hSize :tex2html_wrap_inline1793:8.33331pt::0.0pt::6.38954pt.
[1



]
l2hSize :tex2html_wrap_inline3011:11.34438pt::11.34438pt::74.944pt.
[2


]
Package atveryend Info: Empty hook `BeforeClearDocument' on input line 306.
Package atveryend Info: Empty hook `AfterLastShipout' on input line 306.
(./fac_images.aux)
Package atveryend Info: Empty hook `AtVeryEndDocument' on input line 306.
Package atveryend Info: Executing hook `AtEndAfterFileList' on input line 306.
Package rerunfilecheck Info: File `fac_images.out' has not changed.
(rerunfilecheck)             Checksum: D41D8CD98F00B204E9800998ECF8427E;0.

LaTeX Warning: There were multiply-defined labels.

Package atveryend Info: Empty hook `AtVeryVeryEnd' on input line 306.
 ) 
Here is how much of TeX's memory you used:
 7551 strings out of 492996
 123717 string characters out of 6132731
 247194 words of memory out of 5000000
 10787 multiletter control sequences out of 15000+600000
 19459 words of font info for 27 fonts, out of 8000000 for 9000
 1141 hyphenation exceptions out of 8191
 36i,5n,45p,351b,690s stack positions out of 5000i,500n,10000p,200000b,80000s

Output written on fac_images.dvi (2 pages, 3160 bytes).
