This is pdfeTeX, Version 3.141592-1.21a-2.2 (Web2C 7.5.4) (format=latex 2011.8.3)  30 NOV 2012 18:00
entering extended mode
**./facilitiesimages.tex
(./facilitiesimages.tex
LaTeX2e <2008/12/01>
Babel <v3.8d> and hyphenation patterns for american, french, german, ngerman, b
ahasa, basque, bulgarian, catalan, croatian, czech, danish, dutch, esperanto, e
stonian, finnish, greek, icelandic, irish, italian, latin, magyar, norsk, polis
h, portuges, romanian, russian, serbian, slovak, slovene, spanish, swedish, tur
kish, ukrainian, nohyphenation, loaded.

(/sw2/share/texmf-dist/tex/latex/base/article.cls
Document Class: article 2004/02/16 v1.4f Standard LaTeX document class
(/sw2/share/texmf-dist/tex/latex/base/size12.clo
File: size12.clo 2004/02/16 v1.4f Standard LaTeX file (size option)
)
\c@part=\count79
\c@section=\count80
\c@subsection=\count81
\c@subsubsection=\count82
\c@paragraph=\count83
\c@subparagraph=\count84
\c@figure=\count85
\c@table=\count86
\abovecaptionskip=\skip41
\belowcaptionskip=\skip42
\bibindent=\dimen102
) (/sw2/share/texmf-dist/tex/latex/base/ifthen.sty
Package: ifthen 2001/05/26 v1.1c Standard LaTeX ifthen package (DPC)
) (/tmp/Healpix_3.00/doc/TeX/healpix.sty
Package: healpix 
Package: healpix macros (A.J. Banday, M. Bartelmann)
Document format
(/sw2/share/texmf-dist/tex/latex/a4wide/a4wide.sty
Package: a4wide 1994/08/30
(/sw2/share/texmf-dist/tex/latex/ntgclass/a4.sty
Package: a4 2004/04/15 v1.2g A4 based page layout
)) (/sw2/share/texmf-dist/tex/latex/graphics/graphicx.sty
Package: graphicx 1999/02/16 v1.0f Enhanced LaTeX Graphics (DPC,SPQR)
(/sw2/share/texmf-dist/tex/latex/graphics/keyval.sty
Package: keyval 1999/03/16 v1.13 key=value parser (DPC)
\KV@toks@=\toks14
) (/sw2/share/texmf-dist/tex/latex/graphics/graphics.sty
Package: graphics 2001/07/07 v1.0n Standard LaTeX Graphics (DPC,SPQR)
(/sw2/share/texmf-dist/tex/latex/graphics/trig.sty
Package: trig 1999/03/16 v1.09 sin cos tan (DPC)
) (/sw2/share/texmf-dist/tex/latex/graphics/graphics.cfg
File: graphics.cfg 2005/02/03 v1.3 graphics configuration of teTeX/TeXLive
)
Package graphics Info: Driver file: dvips.def on input line 80.
(/sw2/share/texmf-dist/tex/latex/graphics/dvips.def
File: dvips.def 1999/02/16 v3.0i Driver-dependant file (DPC,SPQR)
))
\Gin@req@height=\dimen103
\Gin@req@width=\dimen104
) (/sw2/share/texmf-dist/tex/latex/fancyheadings/fancyheadings.sty
\headrulewidth=\dimen105
\footrulewidth=\dimen106
\plainheadrulewidth=\dimen107
\plainfootrulewidth=\dimen108
\headwidth=\dimen109
\footruleskip=\dimen110
) (/tmp/Healpix_3.00/doc/TeX/hpxversion.tex) (/tmp/Healpix_3.00/doc/TeX/idlvers
ion.tex) (/tmp/Healpix_3.00/doc/TeX/gdlversion.tex)
\bigicon=\skip43
\smallicon=\skip44
\blocksize=\skip45
\c@creq=\count87
\c@savecreq=\count88
) (/sw2/share/texmf-dist/tex/latex/hyperref/xr-hyper.sty
Package: xr-hyper 2000/03/22 v6.00beta4 eXternal References (DPC)
) (/sw2/share/texmf-local/tex/latex/html/html.sty (/sw2/share/texmf-dist/tex/la
tex/hyperref_bk/hyperref.sty
Package: hyperref 2003/11/30 v6.74m Hypertext links for LaTeX
\@linkdim=\dimen111
\Hy@linkcounter=\count89
\Hy@pagecounter=\count90
(/sw2/share/texmf-dist/tex/latex/hyperref_bk/pd1enc.def
File: pd1enc.def 2003/11/30 v6.74m Hyperref: PDFDocEncoding definition (HO)
) (/sw2/share/texmf-dist/tex/latex/hyperref_bk/hyperref.cfg
File: hyperref.cfg 2002/06/06 v1.2 hyperref configuration of TeXLive and teTeX
)
Package hyperref Info: Hyper figures OFF on input line 1880.
Package hyperref Info: Link nesting OFF on input line 1885.
Package hyperref Info: Hyper index ON on input line 1888.
Package hyperref Info: Plain pages ON on input line 1893.
Package hyperref Info: Backreferencing OFF on input line 1900.
Implicit mode ON; LaTeX internals redefined
Package hyperref Info: Bookmarks ON on input line 2004.
(/sw2/share/texmf-local/tex/latex/html/url.sty
Package: url 1999/03/02  ver 1.4  Verb mode for urls, email addresses, and file
 names
)
LaTeX Info: Redefining \url on input line 2143.
\Fld@menulength=\count91
\Field@Width=\dimen112
\Fld@charsize=\dimen113
\Choice@toks=\toks15
\Field@toks=\toks16
Package hyperref Info: Hyper figures OFF on input line 2618.
Package hyperref Info: Link nesting OFF on input line 2623.
Package hyperref Info: Hyper index ON on input line 2626.
Package hyperref Info: backreferencing OFF on input line 2633.
Package hyperref Info: Link coloring OFF on input line 2638.
\c@Item=\count92
\c@Hfootnote=\count93
)
*hyperref using default driver hdvips*
(/sw2/share/texmf-dist/tex/latex/hyperref_bk/hdvips.def
File: hdvips.def 2003/11/30 v6.74m Hyperref driver for dvips
(/sw2/share/texmf-dist/tex/latex/hyperref_bk/pdfmark.def
File: pdfmark.def 2003/11/30 v6.74m Hyperref definitions for pdfmark specials
\pdf@docset=\toks17
\pdf@box=\box26
\pdf@toks=\toks18
\pdf@defaulttoks=\toks19
\Fld@listcount=\count94
\@outlinefile=\write3
))
Package: html 1999/07/19 v1.38 hypertext commands for latex2html (nd, hws, rrm)

\c@lpart=\count95
\c@lchapter=\count96
\c@chapter=\count97
\c@lsection=\count98
\c@lsubsection=\count99
\c@lsubsubsection=\count100
\c@lparagraph=\count101
\c@lsubparagraph=\count102
\c@lsubsubparagraph=\count103
\ptrfile=\write4
) (/sw2/share/texmf-dist/tex/latex/base/makeidx.sty
Package: makeidx 2000/03/29 v1.0m Standard LaTeX package
) (/sw2/share/texmf-dist/tex/latex/graphics/color.sty
Package: color 1999/02/16 v1.0i Standard LaTeX Color (DPC)
(/sw2/share/texmf-dist/tex/latex/graphics/color.cfg
File: color.cfg 2005/02/03 v1.3 color configuration of teTeX/TeXLive
)
Package color Info: Driver file: dvips.def on input line 125.
(/sw2/share/texmf-dist/tex/latex/graphics/dvipsnam.def
File: dvipsnam.def 1999/02/16 v3.0i Driver-dependant file (DPC,SPQR)
)) (/sw2/share/texmf-dist/tex/latex/base/inputenc.sty
Package: inputenc 2004/02/05 v1.0d Input encoding file
(/sw2/share/texmf-dist/tex/latex/base/latin1.def
File: latin1.def 2004/02/05 v1.0d Input encoding file
))
\sizebox=\box27
\lthtmlwrite=\write5
(./facilitiesimages.aux (/tmp/Healpix_3.00/doc/TeX/alteralm.aux) (/tmp/Healpix_
3.00/doc/TeX/anafast.aux) (/tmp/Healpix_3.00/doc/TeX/hotspot.aux) (/tmp/Healpix
_3.00/doc/TeX/map2gif.aux) (/tmp/Healpix_3.00/doc/TeX/median_filter.aux) (/tmp/
Healpix_3.00/doc/TeX/plmgen.aux) (/tmp/Healpix_3.00/doc/TeX/process_mask.aux) (
/tmp/Healpix_3.00/doc/TeX/smoothing.aux) (/tmp/Healpix_3.00/doc/TeX/sky_ng_sim.
aux) (/tmp/Healpix_3.00/doc/TeX/synfast.aux) (/tmp/Healpix_3.00/doc/TeX/ud_grad
e.aux) (/tmp/Healpix_3.00/doc/TeX/fac_appendix.aux))
\openout1 = `facilitiesimages.aux'.

LaTeX Font Info:    Checking defaults for OML/cmm/m/it on input line 137.
LaTeX Font Info:    ... okay on input line 137.
LaTeX Font Info:    Checking defaults for T1/cmr/m/n on input line 137.
LaTeX Font Info:    ... okay on input line 137.
LaTeX Font Info:    Checking defaults for OT1/cmr/m/n on input line 137.
LaTeX Font Info:    ... okay on input line 137.
LaTeX Font Info:    Checking defaults for OMS/cmsy/m/n on input line 137.
LaTeX Font Info:    ... okay on input line 137.
LaTeX Font Info:    Checking defaults for OMX/cmex/m/n on input line 137.
LaTeX Font Info:    ... okay on input line 137.
LaTeX Font Info:    Checking defaults for U/cmr/m/n on input line 137.
LaTeX Font Info:    ... okay on input line 137.
LaTeX Font Info:    Checking defaults for PD1/pdf/m/n on input line 137.
LaTeX Font Info:    ... okay on input line 137.
Package hyperref Info: Link coloring OFF on input line 137.
(/sw2/share/texmf-dist/tex/latex/hyperref_bk/nameref.sty
Package: nameref 2003/12/03 v2.21 Cross-referencing by name of section
\c@section@level=\count104
)
LaTeX Info: Redefining \ref on input line 137.
LaTeX Info: Redefining \pageref on input line 137.
\openout3 = `facilitiesimages.out'.


latex2htmlLength hsize=349.0pt

latex2htmlLength vsize=688.0pt

latex2htmlLength hoffset=0.0pt

latex2htmlLength voffset=0.0pt

latex2htmlLength topmargin=0.0pt

latex2htmlLength topskip=0.00003pt

latex2htmlLength headheight=0.0pt

latex2htmlLength headsep=0.0pt

latex2htmlLength parskip=3.875pt plus 1.03331pt minus 0.5167pt

latex2htmlLength oddsidemargin=0.0pt

latex2htmlLength evensidemargin=0.0pt

LaTeX Font Info:    External font `cmex10' loaded for size
(Font)              <12> on input line 167.
LaTeX Font Info:    External font `cmex10' loaded for size
(Font)              <8> on input line 167.
LaTeX Font Info:    External font `cmex10' loaded for size
(Font)              <6> on input line 167.
l2hSize :tex2html_wrap_inline136:8.7pt::8.7pt::64.0157pt.
[1



]
l2hSize :tex2html_wrap_inline138:9.5pt::9.5pt::35.69131pt.
[2


]
l2hSize :tex2html_wrap_inline140:10.01027pt::10.01027pt::87.6179pt.
[3


]
l2hSize :tex2html_wrap_inline142:10.01027pt::10.01027pt::45.19144pt.
[4


]
l2hSize :displaymath277:30.17087pt::0.0pt::349.0pt.
[5


]
l2hSize :tex2html_wrap_inline476:8.7pt::8.7pt::24.71059pt.
[6


]
l2hSize :tex2html_wrap_inline796:12.63332pt::12.63332pt::43.52565pt.
[7


]
l2hSize :tex2html_wrap_inline814:8.33331pt::0.0pt::6.38954pt.
[8


]
l2hSize :tex2html_wrap_inline816:8.83331pt::8.83331pt::7.5416pt.
[9


]
l2hSize :tex2html_wrap_inline818:7.75pt::0.0pt::6.58754pt.
[10


]
l2hSize :tex2html_wrap_inline830:8.83331pt::8.83331pt::87.6184pt.
[11


]
l2hSize :tex2html_wrap_inline834:8.83331pt::8.83331pt::70.36946pt.
[12


]
l2hSize :tex2html_wrap_inline838:8.83331pt::8.83331pt::107.96538pt.
[13


]
l2hSize :tex2html_wrap_inline842:8.83331pt::8.83331pt::58.72932pt.
[14


]
l2hSize :tex2html_wrap_inline844:8.25pt::8.25pt::36.15102pt.
[15


]
l2hSize :tex2html_wrap_inline850:8.83331pt::8.83331pt::173.98344pt.
[16


]
l2hSize :tex2html_wrap_inline854:8.83331pt::8.83331pt::90.91101pt.
[17


]
l2hSize :tex2html_wrap_inline874:8.0075pt::0.0pt::11.21252pt.
[18


]
l2hSize :tex2html_wrap_inline916:9.5pt::9.5pt::33.75247pt.
[19


]
l2hSize :tex2html_wrap_inline1134:8.7pt::8.7pt::47.51268pt.
[20


]
l2hSize :tex2html_wrap_inline1261:8.25pt::8.25pt::9.92088pt.
[21


]
l2hSize :tex2html_wrap_inline1263:8.25pt::8.25pt::7.6569pt.
[22


]
l2hSize :tex2html_wrap_inline1388:8.83331pt::8.83331pt::24.0077pt.
[23


]
l2hSize :tex2html_wrap_inline1390:8.83331pt::8.83331pt::18.13277pt.
[24


]
l2hSize :tex2html_wrap_inline1568:8.7pt::8.7pt::35.51756pt.
[25


]
l2hSize :tex2html_wrap_inline1570:9.5pt::9.5pt::182.85686pt.
[26


]
l2hSize :tex2html_wrap_inline1574:10.01027pt::10.01027pt::120.69006pt.
[27


]
l2hSize :tex2html_wrap_inline1576:8.25pt::8.25pt::36.75392pt.
[28


]
l2hSize :tex2html_wrap_inline1592:7.75pt::0.0pt::14.37903pt.
[29


]
l2hSize :tex2html_wrap_inline1733:10.68889pt::10.68889pt::88.66331pt.
[30


]
l2hSize :tex2html_wrap_inline1743:8.7pt::8.7pt::58.14076pt.
[31


]
l2hSize :tex2html_wrap_inline1745:8.7pt::8.7pt::64.0157pt.
[32


]
l2hSize :tex2html_wrap_inline2182:12.63332pt::12.63332pt::63.34529pt.
[33


]
l2hSize :tex2html_wrap_inline2190:7.75pt::0.0pt::9.7958pt.
[34


]
l2hSize :tex2html_wrap_inline2192:7.75pt::0.0pt::8.13745pt.
[35


]
l2hSize :tex2html_wrap_inline2194:8.25pt::8.25pt::19.1291pt.
[36


]
l2hSize :tex2html_wrap_inline2196:8.25pt::8.25pt::11.455pt.
[37


]
l2hSize :tex2html_wrap_inline2200:9.5pt::9.5pt::30.604pt.
[38


]
l2hSize :displaymath2067:33.94446pt::0.0pt::349.0pt.
[39


]
l2hSize :tex2html_wrap_inline2208:10.01027pt::10.01027pt::12.44655pt.
[40


]
l2hSize :tex2html_wrap_inline2210:11.48889pt::11.48889pt::29.65695pt.
[41


]
l2hSize :tex2html_wrap_inline2214:8.36708pt::8.36708pt::26.4708pt.
[42


]
l2hSize :tex2html_wrap_inline2216:12.8436pt::12.8436pt::112.04425pt.
[43


]
l2hSize :displaymath2083:17.85555pt::0.0pt::349.0pt.
[44


]
l2hSize :tex2html_wrap_inline2228:10.01027pt::10.01027pt::88.06456pt.
[45


]
l2hSize :tex2html_wrap_inline2240:8.7pt::8.7pt::58.14076pt.
[46


]
l2hSize :tex2html_wrap_inline2242:8.25pt::8.25pt::33.69629pt.
[47


]
l2hSize :tex2html_wrap_inline2244:9.5pt::9.5pt::73.69041pt.
[48


]
l2hSize :tex2html_wrap_inline2625:9.5pt::9.5pt::114.05844pt.
[49


]
l2hSize :tex2html_wrap_inline2627:10.01027pt::10.01027pt::142.86053pt.
[50


]
l2hSize :tex2html_wrap_inline2629:12.50008pt::12.50008pt::87.17168pt.
[51


]
l2hSize :tex2html_wrap_inline2637:9.5pt::9.5pt::212.95676pt.
[52


]
l2hSize :tex2html_wrap_inline2639:10.01027pt::10.01027pt::184.97113pt.
[53


]
l2hSize :tex2html_wrap_inline2641:12.50008pt::12.50008pt::102.96315pt.
[54


]
l2hSize :tex2html_wrap_inline2679:8.7pt::8.7pt::52.26582pt.
[55


]
l2hSize :tex2html_wrap_inline3035:10.01027pt::10.01027pt::95.49977pt.
[56


]
l2hSize :tex2html_wrap_inline3043:9.5pt::9.5pt::78.6176pt.
[57


]
l2hSize :tex2html_wrap_inline3047:8.7pt::8.7pt::64.0157pt.
[58


]
l2hSize :tex2html_wrap_inline3051:9.5pt::9.5pt::58.91759pt.
[59


]
l2hSize :tex2html_wrap_inline3053:10.01027pt::10.01027pt::68.41771pt.
[60


]
l2hSize :tex2html_wrap_inline3055:10.01027pt::10.01027pt::111.58722pt.
[61


]
l2hSize :tex2html_wrap_inline3057:8.2pt::0.0pt::8.743pt.
[62


]
l2hSize :tex2html_wrap_inline3067:8.7pt::8.7pt::40.86615pt.
[63


]
l2hSize :tex2html_wrap_inline3069:8.2pt::0.0pt::19.61263pt.
[64


]
l2hSize :tex2html_wrap_inline3071:12.50008pt::12.50008pt::155.28226pt.
[65


] (./facilitiesimages.aux) ) 
Here is how much of TeX's memory you used:
 3064 strings out of 94501
 42227 string characters out of 1175975
 103128 words of memory out of 1500000
 6180 multiletter control sequences out of 10000+50000
 6881 words of font info for 26 fonts, out of 1200000 for 2000
 580 hyphenation exceptions out of 8191
 32i,6n,23p,236b,237s stack positions out of 5000i,500n,6000p,200000b,5000s

Output written on facilitiesimages.dvi (65 pages, 44492 bytes).
